<?xml version="1.0" encoding="UTF-8"?>
<!-- Generated by org.testng.reporters.JUnitXMLReporter -->
<testsuite ignored="0" hostname="Raushan" failures="0" tests="5" name="Default test" time="320.512" errors="0" timestamp="2023-11-16T19:36:08 EST">
  <testcase classname="tests.SeleniumTests" name="Scenario1Test" time="123.61"/>
  <testcase classname="tests.SeleniumTests" name="Scenario3Test" time="71.996"/>
  <testcase classname="tests.SeleniumTests" name="Scenario2Test" time="33.398"/>
  <testcase classname="tests.SeleniumTests" name="Scenario4Test" time="50.678"/>
  <testcase classname="tests.SeleniumTests" name="Scenario5Test" time="40.744"/>
</testsuite> <!-- Default test -->
