<?xml version="1.0" encoding="UTF-8"?>
<testng-results ignored="0" total="5" passed="5" failed="0" skipped="0">
  <reporter-output>
  </reporter-output>
  <suite started-at="2023-11-16T19:30:48 EST" name="Default suite" finished-at="2023-11-16T19:36:08 EST" duration-ms="320512">
    <groups>
    </groups>
    <test started-at="2023-11-16T19:30:48 EST" name="Default test" finished-at="2023-11-16T19:36:08 EST" duration-ms="320512">
      <class name="tests.SeleniumTests">
        <test-method is-config="true" signature="beforeSuite()[pri:0, instance:tests.SeleniumTests@776aec5c]" started-at="2023-11-16T19:30:44 EST" name="beforeSuite" finished-at="2023-11-16T19:30:48 EST" duration-ms="3646" status="PASS">
          <reporter-output>
          </reporter-output>
        </test-method> <!-- beforeSuite -->
        <test-method is-config="true" signature="beforeTest()[pri:0, instance:tests.SeleniumTests@776aec5c]" started-at="2023-11-16T19:30:48 EST" name="beforeTest" finished-at="2023-11-16T19:30:48 EST" duration-ms="1" status="PASS">
          <reporter-output>
          </reporter-output>
        </test-method> <!-- beforeTest -->
        <test-method is-config="true" signature="beforeTest()[pri:0, instance:tests.SeleniumTests@776aec5c]" started-at="2023-11-16T19:30:48 EST" name="beforeTest" finished-at="2023-11-16T19:30:48 EST" duration-ms="1" status="PASS">
          <reporter-output>
          </reporter-output>
        </test-method> <!-- beforeTest -->
        <test-method signature="Scenario1Test()[pri:0, instance:tests.SeleniumTests@776aec5c]" started-at="2023-11-16T19:30:48 EST" name="Scenario1Test" finished-at="2023-11-16T19:32:51 EST" duration-ms="123610" status="PASS">
          <reporter-output>
          </reporter-output>
        </test-method> <!-- Scenario1Test -->
        <test-method is-config="true" signature="beforeTest()[pri:0, instance:tests.SeleniumTests@776aec5c]" started-at="2023-11-16T19:32:51 EST" name="beforeTest" finished-at="2023-11-16T19:32:51 EST" duration-ms="1" status="PASS">
          <reporter-output>
          </reporter-output>
        </test-method> <!-- beforeTest -->
        <test-method signature="Scenario3Test()[pri:1, instance:tests.SeleniumTests@776aec5c]" started-at="2023-11-16T19:32:51 EST" name="Scenario3Test" finished-at="2023-11-16T19:34:03 EST" duration-ms="71996" status="PASS">
          <reporter-output>
          </reporter-output>
        </test-method> <!-- Scenario3Test -->
        <test-method signature="Scenario2Test()[pri:2, instance:tests.SeleniumTests@776aec5c]" started-at="2023-11-16T19:34:04 EST" name="Scenario2Test" finished-at="2023-11-16T19:34:37 EST" duration-ms="33398" status="PASS">
          <reporter-output>
          </reporter-output>
        </test-method> <!-- Scenario2Test -->
        <test-method is-config="true" signature="beforeTest()[pri:0, instance:tests.SeleniumTests@776aec5c]" started-at="2023-11-16T19:34:04 EST" name="beforeTest" finished-at="2023-11-16T19:34:04 EST" duration-ms="0" status="PASS">
          <reporter-output>
          </reporter-output>
        </test-method> <!-- beforeTest -->
        <test-method is-config="true" signature="beforeTest()[pri:0, instance:tests.SeleniumTests@776aec5c]" started-at="2023-11-16T19:34:37 EST" name="beforeTest" finished-at="2023-11-16T19:34:37 EST" duration-ms="1" status="PASS">
          <reporter-output>
          </reporter-output>
        </test-method> <!-- beforeTest -->
        <test-method signature="Scenario4Test()[pri:3, instance:tests.SeleniumTests@776aec5c]" started-at="2023-11-16T19:34:37 EST" name="Scenario4Test" finished-at="2023-11-16T19:35:28 EST" duration-ms="50678" status="PASS">
          <reporter-output>
          </reporter-output>
        </test-method> <!-- Scenario4Test -->
        <test-method is-config="true" signature="beforeTest()[pri:0, instance:tests.SeleniumTests@776aec5c]" started-at="2023-11-16T19:35:28 EST" name="beforeTest" finished-at="2023-11-16T19:35:28 EST" duration-ms="1" status="PASS">
          <reporter-output>
          </reporter-output>
        </test-method> <!-- beforeTest -->
        <test-method signature="Scenario5Test()[pri:4, instance:tests.SeleniumTests@776aec5c]" started-at="2023-11-16T19:35:28 EST" name="Scenario5Test" finished-at="2023-11-16T19:36:08 EST" duration-ms="40744" status="PASS">
          <reporter-output>
          </reporter-output>
        </test-method> <!-- Scenario5Test -->
        <test-method is-config="true" signature="afterSuite()[pri:0, instance:tests.SeleniumTests@776aec5c]" started-at="2023-11-16T19:36:08 EST" name="afterSuite" finished-at="2023-11-16T19:36:11 EST" duration-ms="2360" status="PASS">
          <reporter-output>
          </reporter-output>
        </test-method> <!-- afterSuite -->
      </class> <!-- tests.SeleniumTests -->
    </test> <!-- Default test -->
  </suite> <!-- Default suite -->
</testng-results>
